=~=~=~=~=~=~=~=~=~=~=~= PuTTY log 2020.11.10 21:46:46 =~=~=~=~=~=~=~=~=~=~=~=
TX msg: obj=3 ID=0x1001 msg=0xff 00 
RX msg: obj=1 ID=0x1001 msg=0xff 00 

-> CONNECT mode=0
TX msg: obj=2 ID=0x2001 msg=0xff 04 80 08 08 00 01 01 
 total count = 2
RX msg: obj=4 ID=0x2001 msg=0xff 04 80 08 08 00 01 01 
TX msg: obj=3 ID=0x1001 msg=0xd6 
RX msg: obj=1 ID=0x1001 msg=0xd6 
-> FREE_DAQ
<- 0xFF
TX msg: obj=2 ID=0x2001 msg=0xff 
 total count = 4
RX msg: obj=4 ID=0x2001 msg=0xff 
TX msg: obj=3 ID=0x1001 msg=0xd5 00 03 00 
RX msg: obj=1 ID=0x1001 msg=0xd5 00 03 00 
-> ALLOC_DAQ count=3
[XcpAllocMemory] 21/1800 Bytes used
[XcpAllocMemory] Queuesize=197
<- 0xFF
TX msg: obj=2 ID=0x2001 msg=0xff 
 total count = 6
RX msg: obj=4 ID=0x2001 msg=0xff 
TX msg: obj=3 ID=0x1001 msg=0xd4 00 00 00 02 
RX msg: obj=1 ID=0x1001 msg=0xd4 00 00 00 02 
-> ALLOC_ODT daq=0, count=2
[XcpAllocMemory] 29/1800 Bytes used
[XcpAllocMemory] Queuesize=196
<- 0xFF
TX msg: obj=2 ID=0x2001 msg=0xff 
 total count = 8
RX msg: obj=4 ID=0x2001 msg=0xff 
TX msg: obj=3 ID=0x1001 msg=0xd4 00 01 00 02 
RX msg: obj=1 ID=0x1001 msg=0xd4 00 01 00 02 
-> ALLOC_ODT daq=1, count=2
[XcpAllocMemory] 37/1800 Bytes used
[XcpAllocMemory] Queuesize=195
<- 0xFF
TX msg: obj=2 ID=0x2001 msg=0xff 
 total count = 10
RX msg: obj=4 ID=0x2001 msg=0xff 
TX msg: obj=3 ID=0x1001 msg=0xd4 00 02 00 02 
RX msg: obj=1 ID=0x1001 msg=0xd4 00 02 00 02 
-> ALLOC_ODT daq=2, count=2
[XcpAllocMemory] 45/1800 Bytes used
[XcpAllocMemory] Queuesize=195
<- 0xFF
TX msg: obj=2 ID=0x2001 msg=0xff 
 total count = 12
RX msg: obj=4 ID=0x2001 msg=0xff 
TX msg: obj=3 ID=0x1001 msg=0xd3 00 00 00 00 01 
RX msg: obj=1 ID=0x1001 msg=0xd3 00 00 00 00 01 
-> ALLOC_ODT_ENTRY daq=0, odt=0, count=1
[XcpAllocMemory] 50/1800 Bytes used
[XcpAllocMemory] Queuesize=194
<- 0xFF
TX msg: obj=2 ID=0x2001 msg=0xff 
 total count = 14
RX msg: obj=4 ID=0x2001 msg=0xff 
TX msg: obj=3 ID=0x1001 msg=0xd3 00 01 00 00 01 
RX msg: obj=1 ID=0x1001 msg=0xd3 00 01 00 00 01 
-> ALLOC_ODT_ENTRY daq=1, odt=0, count=1
[XcpAllocMemory] 55/1800 Bytes used
[XcpAllocMemory] Queuesize=193
<- 0xFF
TX msg: obj=2 ID=0x2001 msg=0xff 
 total count = 16
RX msg: obj=4 ID=0x2001 msg=0xff 
TX msg: obj=3 ID=0x1001 msg=0xd3 00 02 00 00 01 
RX msg: obj=1 ID=0x1001 msg=0xd3 00 02 00 00 01 
-> ALLOC_ODT_ENTRY daq=2, odt=0, count=1
[XcpAllocMemory] 60/1800 Bytes used
[XcpAllocMemory] Queuesize=193
<- 0xFF
TX msg: obj=2 ID=0x2001 msg=0xff 
 total count = 18
RX msg: obj=4 ID=0x2001 msg=0xff 
TX msg: obj=3 ID=0x1001 msg=0xd3 00 00 00 01 02 
RX msg: obj=1 ID=0x1001 msg=0xd3 00 00 00 01 02 
-> ALLOC_ODT_ENTRY daq=0, odt=1, count=2
[XcpAllocMemory] 70/1800 Bytes used
[XcpAllocMemory] Queuesize=192
<- 0xFF
TX msg: obj=2 ID=0x2001 msg=0xff 
 total count = 20
RX msg: obj=4 ID=0x2001 msg=0xff 
TX msg: obj=3 ID=0x1001 msg=0xd3 00 01 00 01 02 
RX msg: obj=1 ID=0x1001 msg=0xd3 00 01 00 01 02 
-> ALLOC_ODT_ENTRY daq=1, odt=1, count=2
[XcpAllocMemory] 80/1800 Bytes used
[XcpAllocMemory] Queuesize=191
<- 0xFF
TX msg: obj=2 ID=0x2001 msg=0xff 
 total count = 22
RX msg: obj=4 ID=0x2001 msg=0xff 
TX msg: obj=3 ID=0x1001 msg=0xd3 00 02 00 01 02 
RX msg: obj=1 ID=0x1001 msg=0xd3 00 02 00 01 02 
-> ALLOC_ODT_ENTRY daq=2, odt=1, count=2
[XcpAllocMemory] 90/1800 Bytes used
[XcpAllocMemory] Queuesize=190
<- 0xFF
TX msg: obj=2 ID=0x2001 msg=0xff 
 total count = 24
RX msg: obj=4 ID=0x2001 msg=0xff 
TX msg: obj=3 ID=0x1001 msg=0xe2 00 00 00 00 00 
RX msg: obj=1 ID=0x1001 msg=0xe2 00 00 00 00 00 
-> SET_DAQ_PTR daq=0,odt=0,idx=0
<- 0xFF 
TX msg: obj=2 ID=0x2001 msg=0xff 
 total count = 26
RX msg: obj=4 ID=0x2001 msg=0xff 
TX msg: obj=3 ID=0x1001 msg=0xe1 ff 01 00 f8 1d 00 20 
RX msg: obj=1 ID=0x1001 msg=0xe1 ff 01 00 f8 1d 00 20 
-> WRITE_DAQ size=1,addr=20001df8h,00h
<- 0xFF
TX msg: obj=2 ID=0x2001 msg=0xff 
 total count = 28
RX msg: obj=4 ID=0x2001 msg=0xff 
TX msg: obj=3 ID=0x1001 msg=0xe2 ff 00 00 01 00 
RX msg: obj=1 ID=0x1001 msg=0xe2 ff 00 00 01 00 
-> SET_DAQ_PTR daq=0,odt=1,idx=0
<- 0xFF 
TX msg: obj=2 ID=0x2001 msg=0xff 
 total count = 30
RX msg: obj=4 ID=0x2001 msg=0xff 
TX msg: obj=3 ID=0x1001 msg=0xe1 ff 04 00 b8 1d 00 20 
RX msg: obj=1 ID=0x1001 msg=0xe1 ff 04 00 b8 1d 00 20 
-> WRITE_DAQ size=4,addr=20001db8h,00h
<- 0xFF
TX msg: obj=2 ID=0x2001 msg=0xff 
 total count = 32
RX msg: obj=4 ID=0x2001 msg=0xff 
TX msg: obj=3 ID=0x1001 msg=0xe2 ff 00 00 01 01 
RX msg: obj=1 ID=0x1001 msg=0xe2 ff 00 00 01 01 
-> SET_DAQ_PTR daq=0,odt=1,idx=1
<- 0xFF 
TX msg: obj=2 ID=0x2001 msg=0xff 
 total count = 34
RX msg: obj=4 ID=0x2001 msg=0xff 
TX msg: obj=3 ID=0x1001 msg=0xe1 ff 02 00 dc 1d 00 20 
RX msg: obj=1 ID=0x1001 msg=0xe1 ff 02 00 dc 1d 00 20 
-> WRITE_DAQ size=2,addr=20001ddch,00h
<- 0xFF
TX msg: obj=2 ID=0x2001 msg=0xff 
 total count = 36
RX msg: obj=4 ID=0x2001 msg=0xff 
TX msg: obj=3 ID=0x1001 msg=0xe2 ff 01 00 00 00 
RX msg: obj=1 ID=0x1001 msg=0xe2 ff 01 00 00 00 
-> SET_DAQ_PTR daq=1,odt=0,idx=0
<- 0xFF 
TX msg: obj=2 ID=0x2001 msg=0xff 
 total count = 38
RX msg: obj=4 ID=0x2001 msg=0xff 
TX msg: obj=3 ID=0x1001 msg=0xe1 ff 01 00 f9 1d 00 20 
RX msg: obj=1 ID=0x1001 msg=0xe1 ff 01 00 f9 1d 00 20 
-> WRITE_DAQ size=1,addr=20001df9h,00h
<- 0xFF
TX msg: obj=2 ID=0x2001 msg=0xff 
 total count = 40
RX msg: obj=4 ID=0x2001 msg=0xff 
TX msg: obj=3 ID=0x1001 msg=0xe2 ff 01 00 01 00 
RX msg: obj=1 ID=0x1001 msg=0xe2 ff 01 00 01 00 
-> SET_DAQ_PTR daq=1,odt=1,idx=0
<- 0xFF 
TX msg: obj=2 ID=0x2001 msg=0xff 
 total count = 42
RX msg: obj=4 ID=0x2001 msg=0xff 
TX msg: obj=3 ID=0x1001 msg=0xe1 ff 04 00 bc 1d 00 20 
RX msg: obj=1 ID=0x1001 msg=0xe1 ff 04 00 bc 1d 00 20 
-> WRITE_DAQ size=4,addr=20001dbch,00h
<- 0xFF
TX msg: obj=2 ID=0x2001 msg=0xff 
 total count = 44
RX msg: obj=4 ID=0x2001 msg=0xff 
TX msg: obj=3 ID=0x1001 msg=0xe2 ff 01 00 01 01 
RX msg: obj=1 ID=0x1001 msg=0xe2 ff 01 00 01 01 
-> SET_DAQ_PTR daq=1,odt=1,idx=1
<- 0xFF 
TX msg: obj=2 ID=0x2001 msg=0xff 
 total count = 46
RX msg: obj=4 ID=0x2001 msg=0xff 
TX msg: obj=3 ID=0x1001 msg=0xe1 ff 02 00 de 1d 00 20 
RX msg: obj=1 ID=0x1001 msg=0xe1 ff 02 00 de 1d 00 20 
-> WRITE_DAQ size=2,addr=20001ddeh,00h
<- 0xFF
TX msg: obj=2 ID=0x2001 msg=0xff 
 total count = 48
RX msg: obj=4 ID=0x2001 msg=0xff 
TX msg: obj=3 ID=0x1001 msg=0xe2 ff 02 00 00 00 
RX msg: obj=1 ID=0x1001 msg=0xe2 ff 02 00 00 00 
-> SET_DAQ_PTR daq=2,odt=0,idx=0
<- 0xFF 
TX msg: obj=2 ID=0x2001 msg=0xff 
 total count = 50
RX msg: obj=4 ID=0x2001 msg=0xff 
TX msg: obj=3 ID=0x1001 msg=0xe1 ff 01 00 fa 1d 00 20 
RX msg: obj=1 ID=0x1001 msg=0xe1 ff 01 00 fa 1d 00 20 
-> WRITE_DAQ size=1,addr=20001dfah,00h
<- 0xFF
TX msg: obj=2 ID=0x2001 msg=0xff 
 total count = 52
RX msg: obj=4 ID=0x2001 msg=0xff 
TX msg: obj=3 ID=0x1001 msg=0xe2 ff 02 00 01 00 
RX msg: obj=1 ID=0x1001 msg=0xe2 ff 02 00 01 00 
-> SET_DAQ_PTR daq=2,odt=1,idx=0
<- 0xFF 
TX msg: obj=2 ID=0x2001 msg=0xff 
 total count = 54
RX msg: obj=4 ID=0x2001 msg=0xff 
TX msg: obj=3 ID=0x1001 msg=0xe1 ff 04 00 c0 1d 00 20 
RX msg: obj=1 ID=0x1001 msg=0xe1 ff 04 00 c0 1d 00 20 
-> WRITE_DAQ size=4,addr=20001dc0h,00h
<- 0xFF
TX msg: obj=2 ID=0x2001 msg=0xff 
 total count = 56
RX msg: obj=4 ID=0x2001 msg=0xff 
TX msg: obj=3 ID=0x1001 msg=0xe2 ff 02 00 01 01 
RX msg: obj=1 ID=0x1001 msg=0xe2 ff 02 00 01 01 
-> SET_DAQ_PTR daq=2,odt=1,idx=1
<- 0xFF 
TX msg: obj=2 ID=0x2001 msg=0xff 
 total count = 58
RX msg: obj=4 ID=0x2001 msg=0xff 
TX msg: obj=3 ID=0x1001 msg=0xe1 ff 02 00 e0 1d 00 20 
RX msg: obj=1 ID=0x1001 msg=0xe1 ff 02 00 e0 1d 00 20 
-> WRITE_DAQ size=2,addr=20001de0h,00h
<- 0xFF
TX msg: obj=2 ID=0x2001 msg=0xff 
 total count = 60
RX msg: obj=4 ID=0x2001 msg=0xff 
TX msg: obj=3 ID=0x1001 msg=0xe0 10 00 00 00 00 01 ff 
RX msg: obj=1 ID=0x1001 msg=0xe0 10 00 00 00 00 01 ff 
-> SET_DAQ_LIST_MODE daq=0, mode=10h, prescaler=1, eventchannel=0
<- 0xFF
TX msg: obj=2 ID=0x2001 msg=0xff 
 total count = 62
RX msg: obj=4 ID=0x2001 msg=0xff 
TX msg: obj=3 ID=0x1001 msg=0xe0 10 01 00 01 00 01 ff 
RX msg: obj=1 ID=0x1001 msg=0xe0 10 01 00 01 00 01 ff 
-> SET_DAQ_LIST_MODE daq=1, mode=10h, prescaler=1, eventchannel=1
<- 0xFF
TX msg: obj=2 ID=0x2001 msg=0xff 
 total count = 64
RX msg: obj=4 ID=0x2001 msg=0xff 
TX msg: obj=3 ID=0x1001 msg=0xe0 10 02 00 02 00 01 ff 
RX msg: obj=1 ID=0x1001 msg=0xe0 10 02 00 02 00 01 ff 
-> SET_DAQ_LIST_MODE daq=2, mode=10h, prescaler=1, eventchannel=2
<- 0xFF
TX msg: obj=2 ID=0x2001 msg=0xff 
 total count = 66
RX msg: obj=4 ID=0x2001 msg=0xff 
TX msg: obj=3 ID=0x1001 msg=0xdf 10 00 00 
RX msg: obj=1 ID=0x1001 msg=0xdf 10 00 00 
-> GET_DAQ_LIST_MODE daq=0
<- 0xFF mode=10, prescaler=1, eventChannel=0, priority=0, /*maxOdtEntrySize=536877492*/  
TX msg: obj=2 ID=0x2001 msg=0xff 10 80 08 00 00 01 00 
 total count = 68
RX msg: obj=4 ID=0x2001 msg=0xff 10 80 08 00 00 01 00 
TX msg: obj=3 ID=0x1001 msg=0xdf 10 01 00 
RX msg: obj=1 ID=0x1001 msg=0xdf 10 01 00 
-> GET_DAQ_LIST_MODE daq=1
<- 0xFF mode=10, prescaler=1, eventChannel=1, priority=0, /*maxOdtEntrySize=536877492*/  
TX msg: obj=2 ID=0x2001 msg=0xff 10 80 08 01 00 01 00 
 total count = 70
RX msg: obj=4 ID=0x2001 msg=0xff 10 80 08 01 00 01 00 
TX msg: obj=3 ID=0x1001 msg=0xdf 10 02 00 
RX msg: obj=1 ID=0x1001 msg=0xdf 10 02 00 
-> GET_DAQ_LIST_MODE daq=2
<- 0xFF mode=10, prescaler=1, eventChannel=2, priority=0, /*maxOdtEntrySize=536877492*/  
TX msg: obj=2 ID=0x2001 msg=0xff 10 80 08 02 00 01 00 
 total count = 72
RX msg: obj=4 ID=0x2001 msg=0xff 10 80 08 02 00 01 00 
TX msg: obj=3 ID=0x1001 msg=0xde 02 00 00 
RX msg: obj=1 ID=0x1001 msg=0xde 02 00 00 
DAQ 0:
 eventchannel=0000h, firstOdt=0, lastOdt=1, flags=11h
 firstPid=00h
  ODT 0 (0):
   pid=0:
   firstOdtEntry=0,lastOdtEntry=0:
   [20001df8h,1]
  ODT 1 (1):
   pid=1:
   firstOdtEntry=3,lastOdtEntry=4:
   [20001db8h,4]
   [20001ddch,2]
-> START_STOP mode=02h, daq=0
<- 0xFF
TX msg: obj=2 ID=0x2001 msg=0xff 00 
 total count = 74
RX msg: obj=4 ID=0x2001 msg=0xff 00 
TX msg: obj=3 ID=0x1001 msg=0xde 02 01 00 
RX msg: obj=1 ID=0x1001 msg=0xde 02 01 00 
DAQ 1:
 eventchannel=0001h, firstOdt=2, lastOdt=3, flags=11h
 firstPid=02h
  ODT 0 (2):
   pid=2:
   firstOdtEntry=1,lastOdtEntry=1:
   [20001df9h,1]
  ODT 1 (3):
   pid=3:
   firstOdtEntry=5,lastOdtEntry=6:
   [20001dbch,4]
   [20001ddeh,2]
-> START_STOP mode=02h, daq=1
<- 0xFF
TX msg: obj=2 ID=0x2001 msg=0xff 02 
 total count = 76
RX msg: obj=4 ID=0x2001 msg=0xff 02 
TX msg: obj=3 ID=0x1001 msg=0xde 02 02 00 
RX msg: obj=1 ID=0x1001 msg=0xde 02 02 00 
DAQ 2:
 eventchannel=0002h, firstOdt=4, lastOdt=5, flags=11h
 firstPid=04h
  ODT 0 (4):
   pid=4:
   firstOdtEntry=2,lastOdtEntry=2:
   [20001dfah,1]
  ODT 1 (5):
   pid=5:
   firstOdtEntry=7,lastOdtEntry=8:
   [20001dc0h,4]
   [20001de0h,2]
-> START_STOP mode=02h, daq=2
<- 0xFF
TX msg: obj=2 ID=0x2001 msg=0xff 04 
 total count = 78
RX msg: obj=4 ID=0x2001 msg=0xff 04 
TX msg: obj=3 ID=0x1001 msg=0xdd 01 
RX msg: obj=1 ID=0x1001 msg=0xdd 01 
-> CC_START_STOP_SYNCH mode=01h
<- 0xFF
TX msg: obj=2 ID=0x2001 msg=0xff 
 total count = 80
RX msg: obj=4 ID=0x2001 msg=0xff 
TX msg: obj=2 ID=0x2001 msg=0x00 04 00 99 
 total count = 81
TX msg: obj=2 ID=0x2001 msg=0x01 ff ff ff ff cc cc 
RX msg: obj=4 ID=0x2001 msg=0x00 04 00 99 
 total count = 82
TX msg: obj=2 ID=0x2001 msg=0x02 04 00 88 
RX msg: obj=4 ID=0x2001 msg=0x01 ff ff ff ff cc cc 
 total count = 83
TX msg: obj=2 ID=0x2001 msg=0x03 ee ee ee ee bb bb 
RX msg: obj=4 ID=0x2001 msg=0x02 04 00 88 
 total count = 84
TX msg: obj=2 ID=0x2001 msg=0x04 04 00 77 
RX msg: obj=4 ID=0x2001 msg=0x03 ee ee ee ee bb bb 
 total count = 85
TX msg: obj=2 ID=0x2001 msg=0x05 dd dd dd dd aa aa 
RX msg: obj=4 ID=0x2001 msg=0x04 04 00 77 
 total count = 86
RX msg: obj=4 ID=0x2001 msg=0x05 dd dd dd dd aa aa 
TX msg: obj=2 ID=0x2001 msg=0x00 04 00 99 
 total count = 87
TX msg: obj=2 ID=0x2001 msg=0x01 ff ff ff ff cc cc 
RX msg: obj=4 ID=0x2001 msg=0x00 04 00 99 
 total count = 88
RX msg: obj=4 ID=0x2001 msg=0x01 ff ff ff ff cc cc 
TX msg: obj=2 ID=0x2001 msg=0x00 04 00 99 
 total count = 89
TX msg: obj=2 ID=0x2001 msg=0x01 ff ff ff ff cc cc 
RX msg: obj=4 ID=0x2001 msg=0x00 04 00 99 
 total count = 90
TX msg: obj=2 ID=0x2001 msg=0x02 04 00 88 
RX msg: obj=4 ID=0x2001 msg=0x01 ff ff ff ff cc cc 
 total count = 91
TX msg: obj=2 ID=0x2001 msg=0x03 ee ee ee ee bb bb 
RX msg: obj=4 ID=0x2001 msg=0x02 04 00 88 
 total count = 92
RX msg: obj=4 ID=0x2001 msg=0x03 ee ee ee ee bb bb 
TX msg: obj=2 ID=0x2001 msg=0x00 04 00 99 
 total count = 93
TX msg: obj=2 ID=0x2001 msg=0x01 ff ff ff ff cc cc 
RX msg: obj=4 ID=0x2001 msg=0x00 04 00 99 
 total count = 94
RX msg: obj=4 ID=0x2001 msg=0x01 ff ff ff ff cc cc 
TX msg: obj=2 ID=0x2001 msg=0x00 04 00 99 
 total count = 95
TX msg: obj=2 ID=0x2001 msg=0x01 ff ff ff ff cc cc 
RX msg: obj=4 ID=0x2001 msg=0x00 04 00 99 
 total count = 96
TX msg: obj=2 ID=0x2001 msg=0x02 04 00 88 
RX msg: obj=4 ID=0x2001 msg=0x01 ff ff ff ff cc cc 
 total count = 97
TX msg: obj=2 ID=0x2001 msg=0x03 ee ee ee ee bb bb 
RX msg: obj=4 ID=0x2001 msg=0x02 04 00 88 
 total count = 98
RX msg: obj=4 ID=0x2001 msg=0x03 ee ee ee ee bb bb 
TX msg: obj=2 ID=0x2001 msg=0x00 04 00 99 
 total count = 99
TX msg: obj=2 ID=0x2001 msg=0x01 ff ff ff ff cc cc 
RX msg: obj=4 ID=0x2001 msg=0x00 04 00 99 
 total count = 100
RX msg: obj=4 ID=0x2001 msg=0x01 ff ff ff ff cc cc 
TX msg: obj=2 ID=0x2001 msg=0x00 04 00 99 
 total count = 101
TX msg: obj=2 ID=0x2001 msg=0x01 ff ff ff ff cc cc 
RX msg: obj=4 ID=0x2001 msg=0x00 04 00 99 
 total count = 102
TX msg: obj=2 ID=0x2001 msg=0x02 04 00 88 
RX msg: obj=4 ID=0x2001 msg=0x01 ff ff ff ff cc cc 
 total count = 103
TX msg: obj=2 ID=0x2001 msg=0x03 ee ee ee ee bb bb 
RX msg: obj=4 ID=0x2001 msg=0x02 04 00 88 
 total count = 104
TX msg: obj=2 ID=0x2001 msg=0x04 04 00 77 
RX msg: obj=4 ID=0x2001 msg=0x03 ee ee ee ee bb bb 
 total count = 105
TX msg: obj=2 ID=0x2001 msg=0x05 dd dd dd dd aa aa 
RX msg: obj=4 ID=0x2001 msg=0x04 04 00 77 
 total count = 106
RX msg: obj=4 ID=0x2001 msg=0x05 dd dd dd dd aa aa 
TX msg: obj=2 ID=0x2001 msg=0x00 04 00 99 
 total count = 107
TX msg: obj=2 ID=0x2001 msg=0x01 ff ff ff ff cc cc 
RX msg: obj=4 ID=0x2001 msg=0x00 04 00 99 
 total count = 108
RX msg: obj=4 ID=0x2001 msg=0x01 ff ff ff ff cc cc 
TX msg: obj=2 ID=0x2001 msg=0x00 04 00 99 
 total count = 109
TX msg: obj=2 ID=0x2001 msg=0x01 ff ff ff ff cc cc 
RX msg: obj=4 ID=0x2001 msg=0x00 04 00 99 
 total count = 110
TX msg: obj=2 ID=0x2001 msg=0x02 04 00 88 
RX msg: obj=4 ID=0x2001 msg=0x01 ff ff ff ff cc cc 
 total count = 111
TX msg: obj=2 ID=0x2001 msg=0x03 ee ee ee ee bb bb 
RX msg: obj=4 ID=0x2001 msg=0x02 04 00 88 
 total count = 112
RX msg: obj=4 ID=0x2001 msg=0x03 ee ee ee ee bb bb 
TX msg: obj=2 ID=0x2001 msg=0x00 04 00 99 
 total count = 113
TX msg: obj=2 ID=0x2001 msg=0x01 ff ff ff ff cc cc 
RX msg: obj=4 ID=0x2001 msg=0x00 04 00 99 
 total count = 114
RX msg: obj=4 ID=0x2001 msg=0x01 ff ff ff ff cc cc 
TX msg: obj=2 ID=0x2001 msg=0x00 04 00 99 
 total count = 115
TX msg: obj=2 ID=0x2001 msg=0x01 ff ff ff ff cc cc 
RX msg: obj=4 ID=0x2001 msg=0x00 04 00 99 
 total count = 116
TX msg: obj=2 ID=0x2001 msg=0x02 04 00 88 
RX msg: obj=4 ID=0x2001 msg=0x01 ff ff ff ff cc cc 
 total count = 117
TX msg: obj=2 ID=0x2001 msg=0x03 ee ee ee ee bb bb 
RX msg: obj=4 ID=0x2001 msg=0x02 04 00 88 
 total count = 118
RX msg: obj=4 ID=0x2001 msg=0x03 ee ee ee ee bb bb 
TX msg: obj=2 ID=0x2001 msg=0x00 04 00 99 
 total count = 119
TX msg: obj=2 ID=0x2001 msg=0x01 ff ff ff ff cc cc 
RX msg: obj=4 ID=0x2001 msg=0x00 04 00 99 
 total count = 120
RX msg: obj=4 ID=0x2001 msg=0x01 ff ff ff ff cc cc 
TX msg: obj=2 ID=0x2001 msg=0x00 04 00 99 
 total count = 121
TX msg: obj=2 ID=0x2001 msg=0x01 ff ff ff ff cc cc 
RX msg: obj=4 ID=0x2001 msg=0x00 04 00 99 
 total count = 122
TX msg: obj=2 ID=0x2001 msg=0x02 04 00 88 
RX msg: obj=4 ID=0x2001 msg=0x01 ff ff ff ff cc cc 
 total count = 123
TX msg: obj=2 ID=0x2001 msg=0x03 ee ee ee ee bb bb 
RX msg: obj=4 ID=0x2001 msg=0x02 04 00 88 
 total count = 124
RX msg: obj=4 ID=0x2001 msg=0x03 ee ee ee ee bb bb 
TX msg: obj=2 ID=0x2001 msg=0x00 04 00 99 
 total count = 125
TX msg: obj=2 ID=0x2001 msg=0x01 ff ff ff ff cc cc 
RX msg: obj=4 ID=0x2001 msg=0x00 04 00 99 
 total count = 126
RX msg: obj=4 ID=0x2001 msg=0x01 ff ff ff ff cc cc 
TX msg: obj=2 ID=0x2001 msg=0x00 04 00 99 
 total count = 127
TX msg: obj=2 ID=0x2001 msg=0x01 ff ff ff ff cc cc 
RX msg: obj=4 ID=0x2001 msg=0x00 04 00 99 
 total count = 128
TX msg: obj=2 ID=0x2001 msg=0x02 04 00 88 
RX msg: obj=4 ID=0x2001 msg=0x01 ff ff ff ff cc cc 
 total count = 129
TX msg: obj=2 ID=0x2001 msg=0x03 ee ee ee ee bb bb 
RX msg: obj=4 ID=0x2001 msg=0x02 04 00 88 
 total count = 130
RX msg: obj=4 ID=0x2001 msg=0x03 ee ee ee ee bb bb 
TX msg: obj=2 ID=0x2001 msg=0x00 04 00 99 
 total count = 131
TX msg: obj=2 ID=0x2001 msg=0x01 ff ff ff ff cc cc 
RX msg: obj=4 ID=0x2001 msg=0x00 04 00 99 
 total count = 132
RX msg: obj=4 ID=0x2001 msg=0x01 ff ff ff ff cc cc 
TX msg: obj=2 ID=0x2001 msg=0x00 04 00 99 
 total count = 133
TX msg: obj=2 ID=0x2001 msg=0x01 ff ff ff ff cc cc 
RX msg: obj=4 ID=0x2001 msg=0x00 04 00 99 
 total count = 134
TX msg: obj=2 ID=0x2001 msg=0x02 04 00 88 
RX msg: obj=4 ID=0x2001 msg=0x01 ff ff ff ff cc cc 
 total count = 135
TX msg: obj=2 ID=0x2001 msg=0x03 ee ee ee ee bb bb 
RX msg: obj=4 ID=0x2001 msg=0x02 04 00 88 
 total count = 136
TX msg: obj=2 ID=0x2001 msg=0x04 04 00 77 
RX msg: obj=4 ID=0x2001 msg=0x03 ee ee ee ee bb bb 
 total count = 137
TX msg: obj=2 ID=0x2001 msg=0x05 dd dd dd dd aa aa 
RX msg: obj=4 ID=0x2001 msg=0x04 04 00 77 
 total count = 138
RX msg: obj=4 ID=0x2001 msg=0x05 dd dd dd dd aa aa 
TX msg: obj=2 ID=0x2001 msg=0x00 04 00 99 
 total count = 139
TX msg: obj=2 ID=0x2001 msg=0x01 ff ff ff ff cc cc 
RX msg: obj=4 ID=0x2001 msg=0x00 04 00 99 
 total count = 140
RX msg: obj=4 ID=0x2001 msg=0x01 ff ff ff ff cc cc 
TX msg: obj=2 ID=0x2001 msg=0x00 04 00 99 
 total count = 141
TX msg: obj=2 ID=0x2001 msg=0x01 ff ff ff ff cc cc 
RX msg: obj=4 ID=0x2001 msg=0x00 04 00 99 
 total count = 142
TX msg: obj=2 ID=0x2001 msg=0x02 04 00 88 
RX msg: obj=4 ID=0x2001 msg=0x01 ff ff ff ff cc cc 
 total count = 143
TX msg: obj=2 ID=0x2001 msg=0x03 ee ee ee ee bb bb 
RX msg: obj=4 ID=0x2001 msg=0x02 04 00 88 
 total count = 144
RX msg: obj=4 ID=0x2001 msg=0x03 ee ee ee ee bb bb 
TX msg: obj=2 ID=0x2001 msg=0x00 04 00 99 
 total count = 145
TX msg: obj=2 ID=0x2001 msg=0x01 ff ff ff ff cc cc 
RX msg: obj=4 ID=0x2001 msg=0x00 04 00 99 
 total count = 146
RX msg: obj=4 ID=0x2001 msg=0x01 ff ff ff ff cc cc 
TX msg: obj=2 ID=0x2001 msg=0x00 04 00 99 
 total count = 147
TX msg: obj=2 ID=0x2001 msg=0x01 ff ff ff ff cc cc 
RX msg: obj=4 ID=0x2001 msg=0x00 04 00 99 
 total count = 148
TX msg: obj=2 ID=0x2001 msg=0x02 04 00 88 
RX msg: obj=4 ID=0x2001 msg=0x01 ff ff ff ff cc cc 
 total count = 149
TX msg: obj=2 ID=0x2001 msg=0x03 ee ee ee ee bb bb 
RX msg: obj=4 ID=0x2001 msg=0x02 04 00 88 
 total count = 150
RX msg: obj=4 ID=0x2001 msg=0x03 ee ee ee ee bb bb 
TX msg: obj=2 ID=0x2001 msg=0x00 04 00 99 
 total count = 151
TX msg: obj=2 ID=0x2001 msg=0x01 ff ff ff ff cc cc 
RX msg: obj=4 ID=0x2001 msg=0x00 04 00 99 
 total count = 152
RX msg: obj=4 ID=0x2001 msg=0x01 ff ff ff ff cc cc 
TX msg: obj=2 ID=0x2001 msg=0x00 04 00 99 
 total count = 153
TX msg: obj=2 ID=0x2001 msg=0x01 ff ff ff ff cc cc 
RX msg: obj=4 ID=0x2001 msg=0x00 04 00 99 
 total count = 154
TX msg: obj=2 ID=0x2001 msg=0x02 04 00 88 
RX msg: obj=4 ID=0x2001 msg=0x01 ff ff ff ff cc cc 
 total count = 155
TX msg: obj=2 ID=0x2001 msg=0x03 ee ee ee ee bb bb 
RX msg: obj=4 ID=0x2001 msg=0x02 04 00 88 
 total count = 156
RX msg: obj=4 ID=0x2001 msg=0x03 ee ee ee ee bb bb 
TX msg: obj=2 ID=0x2001 msg=0x00 04 00 99 
 total count = 157
TX msg: obj=2 ID=0x2001 msg=0x01 ff ff ff ff cc cc 
RX msg: obj=4 ID=0x2001 msg=0x00 04 00 99 
 total count = 158
RX msg: obj=4 ID=0x2001 msg=0x01 ff ff ff ff cc cc 
TX msg: obj=2 ID=0x2001 msg=0x00 04 00 99 
 total count = 159
TX msg: obj=2 ID=0x2001 msg=0x01 ff ff ff ff cc cc 
RX msg: obj=4 ID=0x2001 msg=0x00 04 00 99 
 total count = 160
TX msg: obj=2 ID=0x2001 msg=0x02 04 00 88 
RX msg: obj=4 ID=0x2001 msg=0x01 ff ff ff ff cc cc 
 total count = 161
TX msg: obj=2 ID=0x2001 msg=0x03 ee ee ee ee bb bb 
RX msg: obj=4 ID=0x2001 msg=0x02 04 00 88 
 total count = 162
RX msg: obj=4 ID=0x2001 msg=0x03 ee ee ee ee bb bb 
TX msg: obj=2 ID=0x2001 msg=0x00 04 00 99 
 total count = 163
TX msg: obj=2 ID=0x2001 msg=0x01 ff ff ff ff cc cc 
RX msg: obj=4 ID=0x2001 msg=0x00 04 00 99 
 total count = 164
RX msg: obj=4 ID=0x2001 msg=0x01 ff ff ff ff cc cc 
TX msg: obj=2 ID=0x2001 msg=0x00 04 00 99 
 total count = 165
TX msg: obj=2 ID=0x2001 msg=0x01 ff ff ff ff cc cc 
RX msg: obj=4 ID=0x2001 msg=0x00 04 00 99 
 total count = 166
TX msg: obj=2 ID=0x2001 msg=0x02 04 00 88 
RX msg: obj=4 ID=0x2001 msg=0x01 ff ff ff ff cc cc 
 total count = 167
TX msg: obj=2 ID=0x2001 msg=0x03 ee ee ee ee bb bb 
RX msg: obj=4 ID=0x2001 msg=0x02 04 00 88 
 total count = 168
TX msg: obj=2 ID=0x2001 msg=0x04 04 00 77 
RX msg: obj=4 ID=0x2001 msg=0x03 ee ee ee ee bb bb 
 total count = 169
TX msg: obj=2 ID=0x2001 msg=0x05 dd dd dd dd aa aa 
RX msg: obj=4 ID=0x2001 msg=0x04 04 00 77 
 total count = 170
RX msg: obj=4 ID=0x2001 msg=0x05 dd dd dd dd aa aa 
TX msg: obj=2 ID=0x2001 msg=0x00 04 00 99 
 total count = 171
TX msg: obj=2 ID=0x2001 msg=0x01 ff ff ff ff cc cc 
RX msg: obj=4 ID=0x2001 msg=0x00 04 00 99 
 total count = 172
RX msg: obj=4 ID=0x2001 msg=0x01 ff ff ff ff cc cc 
TX msg: obj=2 ID=0x2001 msg=0x00 04 00 99 
 total count = 173
TX msg: obj=2 ID=0x2001 msg=0x01 ff ff ff ff cc cc 
RX msg: obj=4 ID=0x2001 msg=0x00 04 00 99 
 total count = 174
TX msg: obj=2 ID=0x2001 msg=0x02 04 00 88 
RX msg: obj=4 ID=0x2001 msg=0x01 ff ff ff ff cc cc 
 total count = 175
TX msg: obj=2 ID=0x2001 msg=0x03 ee ee ee ee bb bb 
RX msg: obj=4 ID=0x2001 msg=0x02 04 00 88 
 total count = 176
RX msg: obj=4 ID=0x2001 msg=0x03 ee ee ee ee bb bb 
TX msg: obj=2 ID=0x2001 msg=0x00 04 00 99 
 total count = 177
TX msg: obj=2 ID=0x2001 msg=0x01 ff ff ff ff cc cc 
RX msg: obj=4 ID=0x2001 msg=0x00 04 00 99 
 total count = 178
RX msg: obj=4 ID=0x2001 msg=0x01 ff ff ff ff cc cc 
TX msg: obj=2 ID=0x2001 msg=0x00 04 00 99 
 total count = 179
TX msg: obj=2 ID=0x2001 msg=0x01 ff ff ff ff cc cc 
RX msg: obj=4 ID=0x2001 msg=0x00 04 00 99 
 total count = 180
TX msg: obj=2 ID=0x2001 msg=0x02 04 00 88 
RX msg: obj=4 ID=0x2001 msg=0x01 ff ff ff ff cc cc 
 total count = 181
TX msg: obj=2 ID=0x2001 msg=0x03 ee ee ee ee bb bb 
RX msg: obj=4 ID=0x2001 msg=0x02 04 00 88 
 total count = 182
RX msg: obj=4 ID=0x2001 msg=0x03 ee ee ee ee bb bb 
TX msg: obj=2 ID=0x2001 msg=0x00 04 00 99 
 total count = 183
TX msg: obj=2 ID=0x2001 msg=0x01 ff ff ff ff cc cc 
RX msg: obj=4 ID=0x2001 msg=0x00 04 00 99 
 total count = 184
RX msg: obj=4 ID=0x2001 msg=0x01 ff ff ff ff cc cc 
TX msg: obj=2 ID=0x2001 msg=0x00 04 00 99 
 total count = 185
TX msg: obj=2 ID=0x2001 msg=0x01 ff ff ff ff cc cc 
RX msg: obj=4 ID=0x2001 msg=0x00 04 00 99 
 total count = 186
TX msg: obj=2 ID=0x2001 msg=0x02 04 00 88 
RX msg: obj=4 ID=0x2001 msg=0x01 ff ff ff ff cc cc 
 total count = 187
TX msg: obj=2 ID=0x2001 msg=0x03 ee ee ee ee bb bb 
RX msg: obj=4 ID=0x2001 msg=0x02 04 00 88 
 total count = 188
TX msg: obj=2 ID=0x2001 msg=0x04 04 00 77 
RX msg: obj=4 ID=0x2001 msg=0x03 ee ee ee ee bb bb 
 total count = 189
TX msg: obj=2 ID=0x2001 msg=0x05 dd dd dd dd aa aa 
RX msg: obj=4 ID=0x2001 msg=0x04 04 00 77 
 total count = 190
RX msg: obj=4 ID=0x2001 msg=0x05 dd dd dd dd aa aa 
TX msg: obj=2 ID=0x2001 msg=0x00 04 00 99 
 total count = 191
TX msg: obj=2 ID=0x2001 msg=0x01 ff ff ff ff cc cc 
RX msg: obj=4 ID=0x2001 msg=0x00 04 00 99 
 total count = 192
RX msg: obj=4 ID=0x2001 msg=0x01 ff ff ff ff cc cc 
TX msg: obj=2 ID=0x2001 msg=0x00 04 00 99 
 total count = 193
TX msg: obj=2 ID=0x2001 msg=0x01 ff ff ff ff cc cc 
RX msg: obj=4 ID=0x2001 msg=0x00 04 00 99 
 total count = 194
TX msg: obj=2 ID=0x2001 msg=0x02 04 00 88 
RX msg: obj=4 ID=0x2001 msg=0x01 ff ff ff ff cc cc 
 total count = 195
TX msg: obj=2 ID=0x2001 msg=0x03 ee ee ee ee bb bb 
RX msg: obj=4 ID=0x2001 msg=0x02 04 00 88 
 total count = 196
RX msg: obj=4 ID=0x2001 msg=0x03 ee ee ee ee bb bb 
TX msg: obj=2 ID=0x2001 msg=0x00 04 00 99 
 total count = 197
TX msg: obj=2 ID=0x2001 msg=0x01 ff ff ff ff cc cc 
RX msg: obj=4 ID=0x2001 msg=0x00 04 00 99 
 total count = 198
RX msg: obj=4 ID=0x2001 msg=0x01 ff ff ff ff cc cc 
TX msg: obj=2 ID=0x2001 msg=0x00 04 00 99 
 total count = 199
TX msg: obj=2 ID=0x2001 msg=0x01 ff ff ff ff cc cc 
RX msg: obj=4 ID=0x2001 msg=0x00 04 00 99 
 total count = 200
TX msg: obj=2 ID=0x2001 msg=0x02 04 00 88 
RX msg: obj=4 ID=0x2001 msg=0x01 ff ff ff ff cc cc 
 total count = 201
TX msg: obj=2 ID=0x2001 msg=0x03 ee ee ee ee bb bb 
RX msg: obj=4 ID=0x2001 msg=0x02 04 00 88 
 total count = 202
RX msg: obj=4 ID=0x2001 msg=0x03 ee ee ee ee bb bb 
TX msg: obj=2 ID=0x2001 msg=0x00 04 00 99 
 total count = 203
TX msg: obj=2 ID=0x2001 msg=0x01 ff ff ff ff cc cc 
RX msg: obj=4 ID=0x2001 msg=0x00 04 00 99 
 total count = 204
RX msg: obj=4 ID=0x2001 msg=0x01 ff ff ff ff cc cc 
TX msg: obj=2 ID=0x2001 msg=0x00 04 00 99 
 total count = 205
TX msg: obj=2 ID=0x2001 msg=0x01 ff ff ff ff cc cc 
RX msg: obj=4 ID=0x2001 msg=0x00 04 00 99 
 total count = 206
TX msg: obj=2 ID=0x2001 msg=0x02 04 00 88 
RX msg: obj=4 ID=0x2001 msg=0x01 ff ff ff ff cc cc 
 total count = 207
TX msg: obj=2 ID=0x2001 msg=0x03 ee ee ee ee bb bb 
RX msg: obj=4 ID=0x2001 msg=0x02 04 00 88 
 total count = 208
RX msg: obj=4 ID=0x2001 msg=0x03 ee ee ee ee bb bb 
TX msg: obj=2 ID=0x2001 msg=0x00 04 00 99 
 total count = 209
TX msg: obj=2 ID=0x2001 msg=0x01 ff ff ff ff cc cc 
RX msg: obj=4 ID=0x2001 msg=0x00 04 00 99 
 total count = 210
RX msg: obj=4 ID=0x2001 msg=0x01 ff ff ff ff cc cc 
TX msg: obj=2 ID=0x2001 msg=0x00 04 00 99 
 total count = 211
TX msg: obj=2 ID=0x2001 msg=0x01 ff ff ff ff cc cc 
RX msg: obj=4 ID=0x2001 msg=0x00 04 00 99 
 total count = 212
TX msg: obj=2 ID=0x2001 msg=0x02 04 00 88 
RX msg: obj=4 ID=0x2001 msg=0x01 ff ff ff ff cc cc 
 total count = 213
TX msg: obj=2 ID=0x2001 msg=0x03 ee ee ee ee bb bb 
RX msg: obj=4 ID=0x2001 msg=0x02 04 00 88 
 total count = 214
RX msg: obj=4 ID=0x2001 msg=0x03 ee ee ee ee bb bb 
TX msg: obj=2 ID=0x2001 msg=0x00 04 00 99 
 total count = 215
TX msg: obj=2 ID=0x2001 msg=0x01 ff ff ff ff cc cc 
RX msg: obj=4 ID=0x2001 msg=0x00 04 00 99 
 total count = 216
RX msg: obj=4 ID=0x2001 msg=0x01 ff ff ff ff cc cc 
TX msg: obj=2 ID=0x2001 msg=0x00 04 00 99 
 total count = 217
TX msg: obj=2 ID=0x2001 msg=0x01 ff ff ff ff cc cc 
RX msg: obj=4 ID=0x2001 msg=0x00 04 00 99 
 total count = 218
TX msg: obj=2 ID=0x2001 msg=0x02 04 00 88 
RX msg: obj=4 ID=0x2001 msg=0x01 ff ff ff ff cc cc 
 total count = 219
TX msg: obj=2 ID=0x2001 msg=0x03 ee ee ee ee bb bb 
RX msg: obj=4 ID=0x2001 msg=0x02 04 00 88 
 total count = 220
TX msg: obj=2 ID=0x2001 msg=0x04 04 00 77 
RX msg: obj=4 ID=0x2001 msg=0x03 ee ee ee ee bb bb 
 total count = 221
TX msg: obj=2 ID=0x2001 msg=0x05 dd dd dd dd aa aa 
RX msg: obj=4 ID=0x2001 msg=0x04 04 00 77 
 total count = 222
RX msg: obj=4 ID=0x2001 msg=0x05 dd dd dd dd aa aa 
TX msg: obj=2 ID=0x2001 msg=0x00 04 00 99 
 total count = 223
TX msg: obj=2 ID=0x2001 msg=0x01 ff ff ff ff cc cc 
RX msg: obj=4 ID=0x2001 msg=0x00 04 00 99 
 total count = 224
RX msg: obj=4 ID=0x2001 msg=0x01 ff ff ff ff cc cc 
TX msg: obj=2 ID=0x2001 msg=0x00 04 00 99 
 total count = 225
TX msg: obj=2 ID=0x2001 msg=0x01 ff ff ff ff cc cc 
RX msg: obj=4 ID=0x2001 msg=0x00 04 00 99 
 total count = 226
TX msg: obj=2 ID=0x2001 msg=0x02 04 00 88 
RX msg: obj=4 ID=0x2001 msg=0x01 ff ff ff ff cc cc 
 total count = 227
TX msg: obj=2 ID=0x2001 msg=0x03 ee ee ee ee bb bb 
RX msg: obj=4 ID=0x2001 msg=0x02 04 00 88 
 total count = 228
RX msg: obj=4 ID=0x2001 msg=0x03 ee ee ee ee bb bb 
TX msg: obj=2 ID=0x2001 msg=0x00 04 00 99 
 total count = 229
TX msg: obj=2 ID=0x2001 msg=0x01 ff ff ff ff cc cc 
RX msg: obj=4 ID=0x2001 msg=0x00 04 00 99 
 total count = 230
RX msg: obj=4 ID=0x2001 msg=0x01 ff ff ff ff cc cc 
TX msg: obj=2 ID=0x2001 msg=0x00 04 00 99 
 total count = 231
TX msg: obj=2 ID=0x2001 msg=0x01 ff ff ff ff cc cc 
RX msg: obj=4 ID=0x2001 msg=0x00 04 00 99 
 total count = 232
TX msg: obj=2 ID=0x2001 msg=0x02 04 00 88 
RX msg: obj=4 ID=0x2001 msg=0x01 ff ff ff ff cc cc 
 total count = 233
TX msg: obj=2 ID=0x2001 msg=0x03 ee ee ee ee bb bb 
RX msg: obj=4 ID=0x2001 msg=0x02 04 00 88 
 total count = 234
RX msg: obj=4 ID=0x2001 msg=0x03 ee ee ee ee bb bb 
TX msg: obj=2 ID=0x2001 msg=0x00 04 00 99 
 total count = 235
TX msg: obj=2 ID=0x2001 msg=0x01 ff ff ff ff cc cc 
RX msg: obj=4 ID=0x2001 msg=0x00 04 00 99 
 total count = 236
RX msg: obj=4 ID=0x2001 msg=0x01 ff ff ff ff cc cc 
TX msg: obj=2 ID=0x2001 msg=0x00 04 00 99 
 total count = 237
TX msg: obj=2 ID=0x2001 msg=0x01 ff ff ff ff cc cc 
RX msg: obj=4 ID=0x2001 msg=0x00 04 00 99 
 total count = 238
TX msg: obj=2 ID=0x2001 msg=0x02 04 00 88 
RX msg: obj=4 ID=0x2001 msg=0x01 ff ff ff ff cc cc 
 total count = 239
TX msg: obj=2 ID=0x2001 msg=0x03 ee ee ee ee bb bb 
RX msg: obj=4 ID=0x2001 msg=0x02 04 00 88 
 total count = 240
RX msg: obj=4 ID=0x2001 msg=0x03 ee ee ee ee bb bb 
TX msg: obj=2 ID=0x2001 msg=0x00 04 00 99 
 total count = 241
TX msg: obj=2 ID=0x2001 msg=0x01 ff ff ff ff cc cc 
RX msg: obj=4 ID=0x2001 msg=0x00 04 00 99 
 total count = 242
RX msg: obj=4 ID=0x2001 msg=0x01 ff ff ff ff cc cc 
TX msg: obj=2 ID=0x2001 msg=0x00 04 00 99 
 total count = 243
TX msg: obj=2 ID=0x2001 msg=0x01 ff ff ff ff cc cc 
RX msg: obj=4 ID=0x2001 msg=0x00 04 00 99 
 total count = 244
TX msg: obj=2 ID=0x2001 msg=0x02 04 00 88 
RX msg: obj=4 ID=0x2001 msg=0x01 ff ff ff ff cc cc 
 total count = 245
TX msg: obj=2 ID=0x2001 msg=0x03 ee ee ee ee bb bb 
RX msg: obj=4 ID=0x2001 msg=0x02 04 00 88 
 total count = 246
RX msg: obj=4 ID=0x2001 msg=0x03 ee ee ee ee bb bb 
TX msg: obj=2 ID=0x2001 msg=0x00 04 00 99 
 total count = 247
TX msg: obj=2 ID=0x2001 msg=0x01 ff ff ff ff cc cc 
RX msg: obj=4 ID=0x2001 msg=0x00 04 00 99 
 total count = 248
RX msg: obj=4 ID=0x2001 msg=0x01 ff ff ff ff cc cc 
TX msg: obj=2 ID=0x2001 msg=0x00 04 00 99 
 total count = 249
TX msg: obj=2 ID=0x2001 msg=0x01 ff ff ff ff cc cc 
RX msg: obj=4 ID=0x2001 msg=0x00 04 00 99 
 total count = 250
TX msg: obj=2 ID=0x2001 msg=0x02 04 00 88 
RX msg: obj=4 ID=0x2001 msg=0x01 ff ff ff ff cc cc 
 total count = 251
TX msg: obj=2 ID=0x2001 msg=0x03 ee ee ee ee bb bb 
RX msg: obj=4 ID=0x2001 msg=0x02 04 00 88 
 total count = 252
TX msg: obj=2 ID=0x2001 msg=0x04 04 00 77 
RX msg: obj=4 ID=0x2001 msg=0x03 ee ee ee ee bb bb 
 total count = 253
TX msg: obj=2 ID=0x2001 msg=0x05 dd dd dd dd aa aa 
RX msg: obj=4 ID=0x2001 msg=0x04 04 00 77 
 total count = 254
RX msg: obj=4 ID=0x2001 msg=0x05 dd dd dd dd aa aa 
TX msg: obj=2 ID=0x2001 msg=0x00 04 00 99 
 total count = 255
TX msg: obj=2 ID=0x2001 msg=0x01 ff ff ff ff cc cc 
RX msg: obj=4 ID=0x2001 msg=0x00 04 00 99 
 total count = 256
RX msg: obj=4 ID=0x2001 msg=0x01 ff ff ff ff cc cc 
TX msg: obj=2 ID=0x2001 msg=0x00 04 00 99 
 total count = 257
TX msg: obj=2 ID=0x2001 msg=0x01 ff ff ff ff cc cc 
RX msg: obj=4 ID=0x2001 msg=0x00 04 00 99 
 total count = 258
TX msg: obj=2 ID=0x2001 msg=0x02 04 00 88 
RX msg: obj=4 ID=0x2001 msg=0x01 ff ff ff ff cc cc 
 total count = 259
TX msg: obj=2 ID=0x2001 msg=0x03 ee ee ee ee bb bb 
RX msg: obj=4 ID=0x2001 msg=0x02 04 00 88 
 total count = 260
RX msg: obj=4 ID=0x2001 msg=0x03 ee ee ee ee bb bb 
TX msg: obj=2 ID=0x2001 msg=0x00 04 00 99 
 total count = 261
TX msg: obj=2 ID=0x2001 msg=0x01 ff ff ff ff cc cc 
RX msg: obj=4 ID=0x2001 msg=0x00 04 00 99 
 total count = 262
RX msg: obj=4 ID=0x2001 msg=0x01 ff ff ff ff cc cc 
TX msg: obj=2 ID=0x2001 msg=0x00 04 00 99 
 total count = 263
TX msg: obj=2 ID=0x2001 msg=0x01 ff ff ff ff cc cc 
RX msg: obj=4 ID=0x2001 msg=0x00 04 00 99 
 total count = 264
TX msg: obj=2 ID=0x2001 msg=0x02 04 00 88 
RX msg: obj=4 ID=0x2001 msg=0x01 ff ff ff ff cc cc 
 total count = 265
TX msg: obj=2 ID=0x2001 msg=0x03 ee ee ee ee bb bb 
RX msg: obj=4 ID=0x2001 msg=0x02 04 00 88 
 total count = 266
RX msg: obj=4 ID=0x2001 msg=0x03 ee ee ee ee bb bb 
TX msg: obj=2 ID=0x2001 msg=0x00 04 00 99 
 total count = 267
TX msg: obj=2 ID=0x2001 msg=0x01 ff ff ff ff cc cc 
RX msg: obj=4 ID=0x2001 msg=0x00 04 00 99 
 total count = 268
RX msg: obj=4 ID=0x2001 msg=0x01 ff ff ff ff cc cc 
TX msg: obj=2 ID=0x2001 msg=0x00 04 00 99 
 total count = 269
TX msg: obj=2 ID=0x2001 msg=0x01 ff ff ff ff cc cc 
RX msg: obj=4 ID=0x2001 msg=0x00 04 00 99 
 total count = 270
TX msg: obj=2 ID=0x2001 msg=0x02 04 00 88 
RX msg: obj=4 ID=0x2001 msg=0x01 ff ff ff ff cc cc 
 total count = 271
TX msg: obj=2 ID=0x2001 msg=0x03 ee ee ee ee bb bb 
RX msg: obj=4 ID=0x2001 msg=0x02 04 00 88 
 total count = 272
TX msg: obj=2 ID=0x2001 msg=0x04 04 00 77 
RX msg: obj=4 ID=0x2001 msg=0x03 ee ee ee ee bb bb 
 total count = 273
TX msg: obj=2 ID=0x2001 msg=0x05 dd dd dd dd aa aa 
RX msg: obj=4 ID=0x2001 msg=0x04 04 00 77 
 total count = 274
RX msg: obj=4 ID=0x2001 msg=0x05 dd dd dd dd aa aa 
TX msg: obj=2 ID=0x2001 msg=0x00 04 00 99 
 total count = 275
TX msg: obj=2 ID=0x2001 msg=0x01 ff ff ff ff cc cc 
RX msg: obj=4 ID=0x2001 msg=0x00 04 00 99 
 total count = 276
RX msg: obj=4 ID=0x2001 msg=0x01 ff ff ff ff cc cc 
TX msg: obj=2 ID=0x2001 msg=0x00 04 00 99 
 total count = 277
TX msg: obj=2 ID=0x2001 msg=0x01 ff ff ff ff cc cc 
RX msg: obj=4 ID=0x2001 msg=0x00 04 00 99 
 total count = 278
TX msg: obj=2 ID=0x2001 msg=0x02 04 00 88 
RX msg: obj=4 ID=0x2001 msg=0x01 ff ff ff ff cc cc 
 total count = 279
TX msg: obj=2 ID=0x2001 msg=0x03 ee ee ee ee bb bb 
RX msg: obj=4 ID=0x2001 msg=0x02 04 00 88 
 total count = 280
RX msg: obj=4 ID=0x2001 msg=0x03 ee ee ee ee bb bb 
TX msg: obj=2 ID=0x2001 msg=0x00 04 00 99 
 total count = 281
TX msg: obj=2 ID=0x2001 msg=0x01 ff ff ff ff cc cc 
RX msg: obj=4 ID=0x2001 msg=0x00 04 00 99 
 total count = 282
RX msg: obj=4 ID=0x2001 msg=0x01 ff ff ff ff cc cc 
TX msg: obj=2 ID=0x2001 msg=0x00 04 00 99 
 total count = 283
TX msg: obj=2 ID=0x2001 msg=0x01 ff ff ff ff cc cc 
RX msg: obj=4 ID=0x2001 msg=0x00 04 00 99 
 total count = 284
TX msg: obj=2 ID=0x2001 msg=0x02 04 00 88 
RX msg: obj=4 ID=0x2001 msg=0x01 ff ff ff ff cc cc 
 total count = 285
TX msg: obj=2 ID=0x2001 msg=0x03 ee ee ee ee bb bb 
RX msg: obj=4 ID=0x2001 msg=0x02 04 00 88 
 total count = 286
RX msg: obj=4 ID=0x2001 msg=0x03 ee ee ee ee bb bb 
TX msg: obj=2 ID=0x2001 msg=0x00 04 00 99 
 total count = 287
TX msg: obj=2 ID=0x2001 msg=0x01 ff ff ff ff cc cc 
RX msg: obj=4 ID=0x2001 msg=0x00 04 00 99 
 total count = 288
RX msg: obj=4 ID=0x2001 msg=0x01 ff ff ff ff cc cc 
TX msg: obj=2 ID=0x2001 msg=0x00 04 00 99 
 total count = 289
TX msg: obj=2 ID=0x2001 msg=0x01 ff ff ff ff cc cc 
RX msg: obj=4 ID=0x2001 msg=0x00 04 00 99 
 total count = 290
TX msg: obj=2 ID=0x2001 msg=0x02 04 00 88 
RX msg: obj=4 ID=0x2001 msg=0x01 ff ff ff ff cc cc 
 total count = 291
TX msg: obj=2 ID=0x2001 msg=0x03 ee ee ee ee bb bb 
RX msg: obj=4 ID=0x2001 msg=0x02 04 00 88 
 total count = 292
RX msg: obj=4 ID=0x2001 msg=0x03 ee ee ee ee bb bb 
TX msg: obj=2 ID=0x2001 msg=0x00 04 00 99 
 total count = 293
TX msg: obj=2 ID=0x2001 msg=0x01 ff ff ff ff cc cc 
RX msg: obj=4 ID=0x2001 msg=0x00 04 00 99 
 total count = 294
RX msg: obj=4 ID=0x2001 msg=0x01 ff ff ff ff cc cc 
TX msg: obj=2 ID=0x2001 msg=0x00 04 00 99 
 total count = 295
TX msg: obj=2 ID=0x2001 msg=0x01 ff ff ff ff cc cc 
RX msg: obj=4 ID=0x2001 msg=0x00 04 00 99 
 total count = 296
TX msg: obj=2 ID=0x2001 msg=0x02 04 00 88 
RX msg: obj=4 ID=0x2001 msg=0x01 ff ff ff ff cc cc 
 total count = 297
TX msg: obj=2 ID=0x2001 msg=0x03 ee ee ee ee bb bb 
RX msg: obj=4 ID=0x2001 msg=0x02 04 00 88 
 total count = 298
RX msg: obj=4 ID=0x2001 msg=0x03 ee ee ee ee bb bb 
TX msg: obj=2 ID=0x2001 msg=0x00 04 00 99 
 total count = 299
TX msg: obj=2 ID=0x2001 msg=0x01 ff ff ff ff cc cc 
RX msg: obj=4 ID=0x2001 msg=0x00 04 00 99 
 total count = 300
RX msg: obj=4 ID=0x2001 msg=0x01 ff ff ff ff cc cc 
TX msg: obj=2 ID=0x2001 msg=0x00 04 00 99 
 total count = 301
TX msg: obj=2 ID=0x2001 msg=0x01 ff ff ff ff cc cc 
RX msg: obj=4 ID=0x2001 msg=0x00 04 00 99 
 total count = 302
TX msg: obj=2 ID=0x2001 msg=0x02 04 00 88 
RX msg: obj=4 ID=0x2001 msg=0x01 ff ff ff ff cc cc 
 total count = 303
TX msg: obj=2 ID=0x2001 msg=0x03 ee ee ee ee bb bb 
RX msg: obj=4 ID=0x2001 msg=0x02 04 00 88 
 total count = 304
TX msg: obj=2 ID=0x2001 msg=0x04 04 00 77 
RX msg: obj=4 ID=0x2001 msg=0x03 ee ee ee ee bb bb 
 total count = 305
TX msg: obj=2 ID=0x2001 msg=0x05 dd dd dd dd aa aa 
RX msg: obj=4 ID=0x2001 msg=0x04 04 00 77 
 total count = 306
RX msg: obj=4 ID=0x2001 msg=0x05 dd dd dd dd aa aa 
TX msg: obj=2 ID=0x2001 msg=0x00 04 00 99 
 total count = 307
TX msg: obj=2 ID=0x2001 msg=0x01 ff ff ff ff cc cc 
RX msg: obj=4 ID=0x2001 msg=0x00 04 00 99 
 total count = 308
RX msg: obj=4 ID=0x2001 msg=0x01 ff ff ff ff cc cc 
TX msg: obj=2 ID=0x2001 msg=0x00 04 00 99 
 total count = 309
TX msg: obj=2 ID=0x2001 msg=0x01 ff ff ff ff cc cc 
RX msg: obj=4 ID=0x2001 msg=0x00 04 00 99 
 total count = 310
TX msg: obj=2 ID=0x2001 msg=0x02 04 00 88 
RX msg: obj=4 ID=0x2001 msg=0x01 ff ff ff ff cc cc 
 total count = 311
TX msg: obj=2 ID=0x2001 msg=0x03 ee ee ee ee bb bb 
RX msg: obj=4 ID=0x2001 msg=0x02 04 00 88 
 total count = 312
RX msg: obj=4 ID=0x2001 msg=0x03 ee ee ee ee bb bb 
TX msg: obj=2 ID=0x2001 msg=0x00 04 00 99 
 total count = 313
TX msg: obj=2 ID=0x2001 msg=0x01 ff ff ff ff cc cc 
RX msg: obj=4 ID=0x2001 msg=0x00 04 00 99 
 total count = 314
RX msg: obj=4 ID=0x2001 msg=0x01 ff ff ff ff cc cc 
TX msg: obj=2 ID=0x2001 msg=0x00 04 00 99 
 total count = 315
TX msg: obj=2 ID=0x2001 msg=0x01 ff ff ff ff cc cc 
RX msg: obj=4 ID=0x2001 msg=0x00 04 00 99 
 total count = 316
TX msg: obj=2 ID=0x2001 msg=0x02 04 00 88 
RX msg: obj=4 ID=0x2001 msg=0x01 ff ff ff ff cc cc 
 total count = 317
TX msg: obj=2 ID=0x2001 msg=0x03 ee ee ee ee bb bb 
RX msg: obj=4 ID=0x2001 msg=0x02 04 00 88 
 total count = 318
RX msg: obj=4 ID=0x2001 msg=0x03 ee ee ee ee bb bb 
TX msg: obj=2 ID=0x2001 msg=0x00 04 00 99 
 total count = 319
TX msg: obj=2 ID=0x2001 msg=0x01 ff ff ff ff cc cc 
RX msg: obj=4 ID=0x2001 msg=0x00 04 00 99 
 total count = 320
RX msg: obj=4 ID=0x2001 msg=0x01 ff ff ff ff cc cc 
TX msg: obj=2 ID=0x2001 msg=0x00 04 00 99 
 total count = 321
TX msg: obj=2 ID=0x2001 msg=0x01 ff ff ff ff cc cc 
RX msg: obj=4 ID=0x2001 msg=0x00 04 00 99 
 total count = 322
TX msg: obj=2 ID=0x2001 msg=0x02 04 00 88 
RX msg: obj=4 ID=0x2001 msg=0x01 ff ff ff ff cc cc 
 total count = 323
TX msg: obj=2 ID=0x2001 msg=0x03 ee ee ee ee bb bb 
RX msg: obj=4 ID=0x2001 msg=0x02 04 00 88TX msg: obj=2 ID=0x2001 msg=0x00 04 00 99 
 total count = 325
TX msg: obj=2 ID=0x2001 msg=0x01 ff ff ff ff cc cc 
RX msg: obj=4 ID=0x2001 msg=0x00 04 00 99 
 total count = 326
RX msg: obj=4 ID=0x2001 msg=0x01 ff ff ff ff cc cc 
TX msg: obj=2 ID=0x2001 msg=0x00 04 00 99 
 total count = 327
TX msg: obj=2 ID=0x2001 msg=0x01 ff ff ff ff cc cc 
RX msg: obj=4 ID=0x2001 msg=0x00 04 00 99 
 total count = 328
TX msg: obj=2 ID=0x2001 msg=0x02 04 00 88 
RX msg: obj=4 ID=0x2001 msg=0x01 ff ff ff ff cc cc 
 total count = 329
TX msg: obj=2 ID=0x2001 msg=0x03 ee ee ee ee bb bb 
RX msg: obj=4 ID=0x2001 msg=0x02 04 00 88 
 total count = 330
RX msg: obj=4 ID=0x2001 msg=0x03 ee ee ee ee bb bb 
TX msg: obj=2 ID=0x2001 msg=0x00 04 00 99 
 total count = 331
TX msg: obj=2 ID=0x2001 msg=0x01 ff ff ff ff cc cc 
RX msg: obj=4 ID=0x2001 msg=0x00 04 00 99 
 total count = 332
RX msg: obj=4 ID=0x2001 msg=0x01 ff ff ff ff cc cc 
TX msg: obj=2 ID=0x2001 msg=0x00 04 00 99 
 total count = 333
TX msg: obj=2 ID=0x2001 msg=0x01 ff ff ff ff cc cc 
RX msg: obj=4 ID=0x2001 msg=0x00 04 00 99 
 total count = 334
TX msg: obj=2 ID=0x2001 msg=0x02 04 00 88 
RX msg: obj=4 ID=0x2001 msg=0x01 ff ff ff ff cc cc 
 total count = 335
TX msg: obj=2 ID=0x2001 msg=0x03 ee ee ee ee bb bb 
RX msg: obj=4 ID=0x2001 msg=0x02 04 00 88 
 total count = 336
TX msg: obj=2 ID=0x2001 msg=0x04 04 00 77 
RX msg: obj=4 ID=0x2001 msg=0x03 ee ee ee ee bb bb 
 total count = 337
TX msg: obj=2 ID=0x2001 msg=0x05 dd dd dd dd aa aa 
RX msg: obj=4 ID=0x2001 msg=0x04 04 00 77 
 total count = 338
RX msg: obj=4 ID=0x2001 msg=0x05 dd dd dd dd aa aa 
TX msg: obj=2 ID=0x2001 msg=0x00 04 00 99 
 total count = 339
TX msg: obj=2 ID=0x2001 msg=0x01 ff ff ff ff cc cc 
RX msg: obj=4 ID=0x2001 msg=0x00 04 00 99 
 total count = 340
RX msg: obj=4 ID=0x2001 msg=0x01 ff ff ff ff cc cc 
TX msg: obj=2 ID=0x2001 msg=0x00 04 00 99 
 total count = 341
TX msg: obj=2 ID=0x2001 msg=0x01 ff ff ff ff cc cc 
RX msg: obj=4 ID=0x2001 msg=0x00 04 00 99 
 total count = 342
TX msg: obj=2 ID=0x2001 msg=0x02 04 00 88 
RX msg: obj=4 ID=0x2001 msg=0x01 ff ff ff ff cc cc 
 total count = 343
TX msg: obj=2 ID=0x2001 msg=0x03 ee ee ee ee bb bb 
RX msg: obj=4 ID=0x2001 msg=0x02 04 00 88 
 total count = 344
RX msg: obj=4 ID=0x2001 msg=0x03 ee ee ee ee bb bb 
TX msg: obj=2 ID=0x2001 msg=0x00 04 00 99 
 total count = 345
TX msg: obj=2 ID=0x2001 msg=0x01 ff ff ff ff cc cc 
RX msg: obj=4 ID=0x2001 msg=0x00 04 00 99 
 total count = 346
RX msg: obj=4 ID=0x2001 msg=0x01 ff ff ff ff cc cc 
TX msg: obj=2 ID=0x2001 msg=0x00 04 00 99 
 total count = 347
TX msg: obj=2 ID=0x2001 msg=0x01 ff ff ff ff cc cc 
RX msg: obj=4 ID=0x2001 msg=0x00 04 00 99 
 total count = 348
TX msg: obj=2 ID=0x2001 msg=0x02 04 00 88 
RX msg: obj=4 ID=0x2001 msg=0x01 ff ff ff ff cc cc 
 total count = 349
TX msg: obj=2 ID=0x2001 msg=0x03 ee ee ee ee bb bb 
RX msg: obj=4 ID=0x2001 msg=0x02 04 00 88 
 total count = 350
RX msg: obj=4 ID=0x2001 msg=0x03 ee ee ee ee bb bb 
TX msg: obj=2 ID=0x2001 msg=0x00 04 00 99 
 total count = 351
TX msg: obj=2 ID=0x2001 msg=0x01 ff ff ff ff cc cc 
RX msg: obj=4 ID=0x2001 msg=0x00 04 00 99 
 total count = 352
RX msg: obj=4 ID=0x2001 msg=0x01 ff ff ff ff cc cc 
TX msg: obj=2 ID=0x2001 msg=0x00 04 00 99 
 total count = 353
TX msg: obj=2 ID=0x2001 msg=0x01 ff ff ff ff cc cc 
RX msg: obj=4 ID=0x2001 msg=0x00 04 00 99 
 total count = 354
TX msg: obj=2 ID=0x2001 msg=0x02 04 00 88 
RX msg: obj=4 ID=0x2001 msg=0x01 ff ff ff ff cc cc 
 total count = 355
TX msg: obj=2 ID=0x2001 msg=0x03 ee ee ee ee bb bb 
RX msg: obj=4 ID=0x2001 msg=0x02 04 00 88 
 total count = 356
TX msg: obj=2 ID=0x2001 msg=0x04 04 00 77 
RX msg: obj=4 ID=0x2001 msg=0x03 ee ee ee ee bb bb 
 total count = 357
TX msg: obj=2 ID=0x2001 msg=0x05 dd dd dd dd aa aa 
RX msg: obj=4 ID=0x2001 msg=0x04 04 00 77 
 total count = 358
RX msg: obj=4 ID=0x2001 msg=0x05 dd dd dd dd aa aa 
TX msg: obj=2 ID=0x2001 msg=0x00 04 00 99 
 total count = 359
TX msg: obj=2 ID=0x2001 msg=0x01 ff ff ff ff cc cc 
RX msg: obj=4 ID=0x2001 msg=0x00 04 00 99 
 total count = 360
RX msg: obj=4 ID=0x2001 msg=0x01 ff ff ff ff cc cc 
TX msg: obj=2 ID=0x2001 msg=0x00 04 00 99 
 total count = 361
TX msg: obj=2 ID=0x2001 msg=0x01 ff ff ff ff cc cc 
RX msg: obj=4 ID=0x2001 msg=0x00 04 00 99 
 total count = 362
TX msg: obj=2 ID=0x2001 msg=0x02 04 00 88 
RX msg: obj=4 ID=0x2001 msg=0x01 ff ff ff ff cc cc 
 total count = 363
TX msg: obj=2 ID=0x2001 msg=0x03 ee ee ee ee bb bb 
RX msg: obj=4 ID=0x2001 msg=0x02 04 00 88 
 total count = 364
RX msg: obj=4 ID=0x2001 msg=0x03 ee ee ee ee bb bb 
TX msg: obj=2 ID=0x2001 msg=0x00 04 00 99 
 total count = 365
TX msg: obj=2 ID=0x2001 msg=0x01 ff ff ff ff cc cc 
RX msg: obj=4 ID=0x2001 msg=0x00 04 00 99 
 total count = 366
RX msg: obj=4 ID=0x2001 msg=0x01 ff ff ff ff cc cc 
TX msg: obj=2 ID=0x2001 msg=0x00 04 00 99 
 total count = 367
TX msg: obj=2 ID=0x2001 msg=0x01 ff ff ff ff cc cc 
RX msg: obj=4 ID=0x2001 msg=0x00 04 00 99 
 total count = 368
TX msg: obj=2 ID=0x2001 msg=0x02 04 00 88 
RX msg: obj=4 ID=0x2001 msg=0x01 ff ff ff ff cc cc 
 total count = 369
TX msg: obj=2 ID=0x2001 msg=0x03 ee ee ee ee bb bb 
RX msg: obj=4 ID=0x2001 msg=0x02 04 00 88 
 total count = 370
RX msg: obj=4 ID=0x2001 msg=0x03 ee ee ee ee bb bb 
TX msg: obj=2 ID=0x2001 msg=0x00 04 00 99 
 total count = 371
TX msg: obj=2 ID=0x2001 msg=0x01 ff ff ff ff cc cc 
RX msg: obj=4 ID=0x2001 msg=0x00 04 00 99 
 total count = 372
RX msg: obj=4 ID=0x2001 msg=0x01 ff ff ff ff cc cc 
TX msg: obj=2 ID=0x2001 msg=0x00 04 00 99 
 total count = 373
TX msg: obj=2 ID=0x2001 msg=0x01 ff ff ff ff cc cc 
RX msg: obj=4 ID=0x2001 msg=0x00 04 00 99 
 total count = 374
TX msg: obj=2 ID=0x2001 msg=0x02 04 00 88 
RX msg: obj=4 ID=0x2001 msg=0x01 ff ff ff ff cc cc 
 total count = 375
TX msg: obj=2 ID=0x2001 msg=0x03 ee ee ee ee bb bb 
RX msg: obj=4 ID=0x2001 msg=0x02 04 00 88 
 total count = 376
RX msg: obj=4 ID=0x2001 msg=0x03 ee ee ee ee bb bb 
TX msg: obj=2 ID=0x2001 msg=0x00 04 00 99 
 total count = 377
TX msg: obj=2 ID=0x2001 msg=0x01 ff ff ff ff cc cc 
RX msg: obj=4 ID=0x2001 msg=0x00 04 00 99 
 total count = 378
RX msg: obj=4 ID=0x2001 msg=0x01 ff ff ff ff cc cc 
TX msg: obj=2 ID=0x2001 msg=0x00 04 00 99 
 total count = 379
TX msg: obj=2 ID=0x2001 msg=0x01 ff ff ff ff cc cc 
RX msg: obj=4 ID=0x2001 msg=0x00 04 00 99 
 total count = 380
TX msg: obj=2 ID=0x2001 msg=0x02 04 00 88 
RX msg: obj=4 ID=0x2001 msg=0x01 ff ff ff ff cc cc 
 total count = 381
TX msg: obj=2 ID=0x2001 msg=0x03 ee ee ee ee bb bb 
RX msg: obj=4 ID=0x2001 msg=0x02 04 00 88 
 total count = 382
RX msg: obj=4 ID=0x2001 msg=0x03 ee ee ee ee bb bb 
TX msg: obj=2 ID=0x2001 msg=0x00 04 00 99 
 total count = 383
TX msg: obj=2 ID=0x2001 msg=0x01 ff ff ff ff cc cc 
RX msg: obj=4 ID=0x2001 msg=0x00 04 00 99 
 total count = 384
RX msg: obj=4 ID=0x2001 msg=0x01 ff ff ff ff cc cc 
TX msg: obj=2 ID=0x2001 msg=0x00 04 00 99 
 total count = 385
TX msg: obj=2 ID=0x2001 msg=0x01 ff ff ff ff cc cc 
RX msg: obj=4 ID=0x2001 msg=0x00 04 00 99 
 total count = 386
TX msg: obj=2 ID=0x2001 msg=0x02 04 00 88 
RX msg: obj=4 ID=0x2001 msg=0x01 ff ff ff ff cc cc 
 total count = 387
TX msg: obj=2 ID=0x2001 msg=0x03 ee ee ee ee bb bb 
RX msg: obj=4 ID=0x2001 msg=0x02 04 00 88 
 total count = 388
TX msg: obj=2 ID=0x2001 msg=0x04 04 00 77 
RX msg: obj=4 ID=0x2001 msg=0x03 ee ee ee ee bb bb 
 total count = 389
TX msg: obj=2 ID=0x2001 msg=0x05 dd dd dd dd aa aa 
RX msg: obj=4 ID=0x2001 msg=0x04 04 00 77 
 total count = 390
RX msg: obj=4 ID=0x2001 msg=0x05 dd dd dd dd aa aa 
TX msg: obj=2 ID=0x2001 msg=0x00 04 00 99 
 total count = 391
TX msg: obj=2 ID=0x2001 msg=0x01 ff ff ff ff cc cc 
RX msg: obj=4 ID=0x2001 msg=0x00 04 00 99 
 total count = 392
RX msg: obj=4 ID=0x2001 msg=0x01 ff ff ff ff cc cc 
TX msg: obj=2 ID=0x2001 msg=0x00 04 00 99 
 total count = 393
TX msg: obj=2 ID=0x2001 msg=0x01 ff ff ff ff cc cc 
RX msg: obj=4 ID=0x2001 msg=0x00 04 00 99 
 total count = 394
TX msg: obj=2 ID=0x2001 msg=0x02 04 00 88 
RX msg: obj=4 ID=0x2001 msg=0x01 ff ff ff ff cc cc 
 total count = 395
TX msg: obj=2 ID=0x2001 msg=0x03 ee ee ee ee bb bb 
RX msg: obj=4 ID=0x2001 msg=0x02 04 00 88 
 total count = 396
RX msg: obj=4 ID=0x2001 msg=0x03 ee ee ee ee bb bb 
TX msg: obj=2 ID=0x2001 msg=0x00 04 00 99 
 total count = 397
TX msg: obj=2 ID=0x2001 msg=0x01 ff ff ff ff cc cc 
RX msg: obj=4 ID=0x2001 msg=0x00 04 00 99 
 total count = 398
RX msg: obj=4 ID=0x2001 msg=0x01 ff ff ff ff cc cc 
TX msg: obj=2 ID=0x2001 msg=0x00 04 00 99 
 total count = 399
TX msg: obj=2 ID=0x2001 msg=0x01 ff ff ff ff cc cc 
RX msg: obj=4 ID=0x2001 msg=0x00 04 00 99 
 total count = 400
TX msg: obj=2 ID=0x2001 msg=0x02 04 00 88 
RX msg: obj=4 ID=0x2001 msg=0x01 ff ff ff ff cc cc 
 total count = 401
TX msg: obj=2 ID=0x2001 msg=0x03 ee ee ee ee bb bb 
RX msg: obj=4 ID=0x2001 msg=0x02 04 00 88 
 total count = 402
RX msg: obj=4 ID=0x2001 msg=0x03 ee ee ee ee bb bb 
TX msg: obj=2 ID=0x2001 msg=0x00 04 00 99 
 total count = 403
TX msg: obj=2 ID=0x2001 msg=0x01 ff ff ff ff cc cc 
RX msg: obj=4 ID=0x2001 msg=0x00 04 00 99 
 total count = 404
RX msg: obj=4 ID=0x2001 msg=0x01 ff ff ff ff cc cc 
TX msg: obj=2 ID=0x2001 msg=0x00 04 00 99 
 total count = 405
TX msg: obj=2 ID=0x2001 msg=0x01 ff ff ff ff cc cc 
RX msg: obj=4 ID=0x2001 msg=0x00 04 00 99 
 total count = 406
TX msg: obj=2 ID=0x2001 msg=0x02 04 00 88 
RX msg: obj=4 ID=0x2001 msg=0x01 ff ff ff ff cc cc 
 total count = 407
TX msg: obj=2 ID=0x2001 msg=0x03 ee ee ee ee bb bb 
RX msg: obj=4 ID=0x2001 msg=0x02 04 00 88 
 total count = 408
RX msg: obj=4 ID=0x2001 msg=0x03 ee ee ee ee bb bb 
TX msg: obj=2 ID=0x2001 msg=0x00 04 00 99 
 total count = 409
TX msg: obj=2 ID=0x2001 msg=0x01 ff ff ff ff cc cc 
RX msg: obj=4 ID=0x2001 msg=0x00 04 00 99 
 total count = 410
RX msg: obj=4 ID=0x2001 msg=0x01 ff ff ff ff cc cc 
TX msg: obj=2 ID=0x2001 msg=0x00 04 00 99 
 total count = 411
TX msg: obj=2 ID=0x2001 msg=0x01 ff ff ff ff cc cc 
RX msg: obj=4 ID=0x2001 msg=0x00 04 00 99 
 total count = 412
TX msg: obj=2 ID=0x2001 msg=0x02 04 00 88 
RX msg: obj=4 ID=0x2001 msg=0x01 ff ff ff ff cc cc 
 total count = 413
TX msg: obj=2 ID=0x2001 msg=0x03 ee ee ee ee bb bb 
RX msg: obj=4 ID=0x2001 msg=0x02 04 00 88 
 total count = 414
RX msg: obj=4 ID=0x2001 msg=0x03 ee ee ee ee bb bb 
TX msg: obj=2 ID=0x2001 msg=0x00 04 00 99 
 total count = 415
TX msg: obj=2 ID=0x2001 msg=0x01 ff ff ff ff cc cc 
RX msg: obj=4 ID=0x2001 msg=0x00 04 00 99 
 total count = 416
RX msg: obj=4 ID=0x2001 msg=0x01 ff ff ff ff cc cc 
TX msg: obj=2 ID=0x2001 msg=0x00 04 00 99 
 total count = 417
TX msg: obj=2 ID=0x2001 msg=0x01 ff ff ff ff cc cc 
RX msg: obj=4 ID=0x2001 msg=0x00 04 00 99 
 total count = 418
TX msg: obj=2 ID=0x2001 msg=0x02 04 00 88 
RX msg: obj=4 ID=0x2001 msg=0x01 ff ff ff ff cc cc 
 total count = 419
TX msg: obj=2 ID=0x2001 msg=0x03 ee ee ee ee bb bb 
RX msg: obj=4 ID=0x2001 msg=0x02 04 00 88 
 total count = 420
TX msg: obj=2 ID=0x2001 msg=0x04 04 00 77 
RX msg: obj=4 ID=0x2001 msg=0x03 ee ee ee ee bb bb 
 total count = 421
TX msg: obj=2 ID=0x2001 msg=0x05 dd dd dd dd aa aa 
RX msg: obj=4 ID=0x2001 msg=0x04 04 00 77 
 total count = 422
RX msg: obj=4 ID=0x2001 msg=0x05 dd dd dd dd aa aa 
TX msg: obj=2 ID=0x2001 msg=0x00 04 00 99 
 total count = 423
TX msg: obj=2 ID=0x2001 msg=0x01 ff ff ff ff cc cc 
RX msg: obj=4 ID=0x2001 msg=0x00 04 00 99 
 total count = 424
RX msg: obj=4 ID=0x2001 msg=0x01 ff ff ff ff cc cc 
TX msg: obj=2 ID=0x2001 msg=0x00 04 00 99 
 total count = 425
TX msg: obj=2 ID=0x2001 msg=0x01 ff ff ff ff cc cc 
RX msg: obj=4 ID=0x2001 msg=0x00 04 00 99 
 total count = 426
TX msg: obj=2 ID=0x2001 msg=0x02 04 00 88 
RX msg: obj=4 ID=0x2001 msg=0x01 ff ff ff ff cc cc 
 total count = 427
TX msg: obj=2 ID=0x2001 msg=0x03 ee ee ee ee bb bb 
RX msg: obj=4 ID=0x2001 msg=0x02 04 00 88 
 total count = 428
RX msg: obj=4 ID=0x2001 msg=0x03 ee ee ee ee bb bb 
TX msg: obj=2 ID=0x2001 msg=0x00 04 00 99 
 total count = 429
TX msg: obj=2 ID=0x2001 msg=0x01 ff ff ff ff cc cc 
RX msg: obj=4 ID=0x2001 msg=0x00 04 00 99 
 total count = 430
RX msg: obj=4 ID=0x2001 msg=0x01 ff ff ff ff cc cc 
TX msg: obj=2 ID=0x2001 msg=0x00 04 00 99 
 total count = 431
TX msg: obj=2 ID=0x2001 msg=0x01 ff ff ff ff cc cc 
RX msg: obj=4 ID=0x2001 msg=0x00 04 00 99 
 total count = 432
TX msg: obj=2 ID=0x2001 msg=0x02 04 00 88 
RX msg: obj=4 ID=0x2001 msg=0x01 ff ff ff ff cc cc 
 total count = 433
TX msg: obj=2 ID=0x2001 msg=0x03 ee ee ee ee bb bb 
RX msg: obj=4 ID=0x2001 msg=0x02 04 00 88 
 total count = 434
RX msg: obj=4 ID=0x2001 msg=0x03 ee ee ee ee bb bb 
TX msg: obj=2 ID=0x2001 msg=0x00 04 00 99 
 total count = 435
TX msg: obj=2 ID=0x2001 msg=0x01 ff ff ff ff cc cc 
RX msg: obj=4 ID=0x2001 msg=0x00 04 00 99 
 total count = 436
RX msg: obj=4 ID=0x2001 msg=0x01 ff ff ff ff cc cc 
TX msg: obj=2 ID=0x2001 msg=0x00 04 00 99 
 total count = 437
TX msg: obj=2 ID=0x2001 msg=0x01 ff ff ff ff cc cc 
RX msg: obj=4 ID=0x2001 msg=0x00 04 00 99 
 total count = 438
TX msg: obj=2 ID=0x2001 msg=0x02 04 00 88 
RX msg: obj=4 ID=0x2001 msg=0x01 ff ff ff ff cc cc 
 total count = 439
TX msg: obj=2 ID=0x2001 msg=0x03 ee ee ee ee bb bb 
RX msg: obj=4 ID=0x2001 msg=0x02 04 00 88 
 total count = 440
TX msg: obj=2 ID=0x2001 msg=0x04 04 00 77 
RX msg: obj=4 ID=0x2001 msg=0x03 ee ee ee ee bb bb 
 total count = 441
TX msg: obj=2 ID=0x2001 msg=0x05 dd dd dd dd aa aa 
RX msg: obj=4 ID=0x2001 msg=0x04 04 00 77 
 total count = 442
RX msg: obj=4 ID=0x2001 msg=0x05 dd dd dd dd aa aa 
TX msg: obj=2 ID=0x2001 msg=0x00 04 00 99 
 total count = 443
TX msg: obj=2 ID=0x2001 msg=0x01 ff ff ff ff cc cc 
RX msg: obj=4 ID=0x2001 msg=0x00 04 00 99 
 total count = 444
RX msg: obj=4 ID=0x2001 msg=0x01 ff ff ff ff cc cc 
TX msg: obj=2 ID=0x2001 msg=0x00 04 00 99 
 total count = 445
TX msg: obj=2 ID=0x2001 msg=0x01 ff ff ff ff cc cc 
RX msg: obj=4 ID=0x2001 msg=0x00 04 00 99 
 total count = 446
TX msg: obj=2 ID=0x2001 msg=0x02 04 00 88 
RX msg: obj=4 ID=0x2001 msg=0x01 ff ff ff ff cc cc 
 total count = 447
TX msg: obj=2 ID=0x2001 msg=0x03 ee ee ee ee bb bb 
RX msg: obj=4 ID=0x2001 msg=0x02 04 00 88 
 total count = 448
RX msg: obj=4 ID=0x2001 msg=0x03 ee ee ee ee bb bb 
TX msg: obj=2 ID=0x2001 msg=0x00 04 00 99 
 total count = 449
TX msg: obj=2 ID=0x2001 msg=0x01 ff ff ff ff cc cc 
RX msg: obj=4 ID=0x2001 msg=0x00 04 00 99 
 total count = 450
RX msg: obj=4 ID=0x2001 msg=0x01 ff ff ff ff cc cc 
TX msg: obj=2 ID=0x2001 msg=0x00 04 00 99 
 total count = 451
TX msg: obj=2 ID=0x2001 msg=0x01 ff ff ff ff cc cc 
RX msg: obj=4 ID=0x2001 msg=0x00 04 00 99 
 total count = 452
TX msg: obj=2 ID=0x2001 msg=0x02 04 00 88 
RX msg: obj=4 ID=0x2001 msg=0x01 ff ff ff ff cc cc 
 total count = 453
TX msg: obj=2 ID=0x2001 msg=0x03 ee ee ee ee bb bb 
RX msg: obj=4 ID=0x2001 msg=0x02 04 00 88 
 total count = 454
RX msg: obj=4 ID=0x2001 msg=0x03 ee ee ee ee bb bb 
TX msg: obj=2 ID=0x2001 msg=0x00 04 00 99 
 total count = 455
TX msg: obj=2 ID=0x2001 msg=0x01 ff ff ff ff cc cc 
RX msg: obj=4 ID=0x2001 msg=0x00 04 00 99 
 total count = 456
RX msg: obj=4 ID=0x2001 msg=0x01 ff ff ff ff cc cc 
TX msg: obj=2 ID=0x2001 msg=0x00 04 00 99 
 total count = 457
TX msg: obj=2 ID=0x2001 msg=0x01 ff ff ff ff cc cc 
RX msg: obj=4 ID=0x2001 msg=0x00 04 00 99 
 total count = 458
TX msg: obj=2 ID=0x2001 msg=0x02 04 00 88 
RX msg: obj=4 ID=0x2001 msg=0x01 ff ff ff ff cc cc 
 total count = 459
TX msg: obj=2 ID=0x2001 msg=0x03 ee ee ee ee bb bb 
RX msg: obj=4 ID=0x2001 msg=0x02 04 00 88 
 total count = 460
RX msg: obj=4 ID=0x2001 msg=0x03 ee ee ee ee bb bb 
TX msg: obj=2 ID=0x2001 msg=0x00 04 00 99 
 total count = 461
TX msg: obj=2 ID=0x2001 msg=0x01 ff ff ff ff cc cc 
RX msg: obj=4 ID=0x2001 msg=0x00 04 00 99 
 total count = 462
RX msg: obj=4 ID=0x2001 msg=0x01 ff ff ff ff cc cc 
TX msg: obj=2 ID=0x2001 msg=0x00 04 00 99 
 total count = 463
TX msg: obj=2 ID=0x2001 msg=0x01 ff ff ff ff cc cc 
RX msg: obj=4 ID=0x2001 msg=0x00 04 00 99 
 total count = 464
TX msg: obj=2 ID=0x2001 msg=0x02 04 00 88 
RX msg: obj=4 ID=0x2001 msg=0x01 ff ff ff ff cc cc 
 total count = 465
TX msg: obj=2 ID=0x2001 msg=0x03 ee ee ee ee bb bb 
RX msg: obj=4 ID=0x2001 msg=0x02 04 00 88 
 total count = 466
RX msg: obj=4 ID=0x2001 msg=0x03 ee ee ee ee bb bb 
TX msg: obj=2 ID=0x2001 msg=0x00 04 00 99 
 total count = 467
TX msg: obj=2 ID=0x2001 msg=0x01 ff ff ff ff cc cc 
RX msg: obj=4 ID=0x2001 msg=0x00 04 00 99 
 total count = 468
RX msg: obj=4 ID=0x2001 msg=0x01 ff ff ff ff cc cc 
TX msg: obj=2 ID=0x2001 msg=0x00 04 00 99 
 total count = 469
TX msg: obj=2 ID=0x2001 msg=0x01 ff ff ff ff cc cc 
RX msg: obj=4 ID=0x2001 msg=0x00 04 00 99 
 total count = 470
TX msg: obj=2 ID=0x2001 msg=0x02 04 00 88 
RX msg: obj=4 ID=0x2001 msg=0x01 ff ff ff ff cc cc 
 total count = 471
TX msg: obj=2 ID=0x2001 msg=0x03 ee ee ee ee bb bb 
RX msg: obj=4 ID=0x2001 msg=0x02 04 00 88 
 total count = 472
TX msg: obj=2 ID=0x2001 msg=0x04 04 00 77 
RX msg: obj=4 ID=0x2001 msg=0x03 ee ee ee ee bb bb 
 total count = 473
TX msg: obj=2 ID=0x2001 msg=0x05 dd dd dd dd aa aa 
RX msg: obj=4 ID=0x2001 msg=0x04 04 00 77 
 total count = 474
RX msg: obj=4 ID=0x2001 msg=0x05 dd dd dd dd aa aa 
TX msg: obj=2 ID=0x2001 msg=0x00 04 00 99 
 total count = 475
TX msg: obj=2 ID=0x2001 msg=0x01 ff ff ff ff cc cc 
RX msg: obj=4 ID=0x2001 msg=0x00 04 00 99 
 total count = 476
RX msg: obj=4 ID=0x2001 msg=0x01 ff ff ff ff cc cc 
TX msg: obj=2 ID=0x2001 msg=0x00 04 00 99 
 total count = 477
TX msg: obj=2 ID=0x2001 msg=0x01 ff ff ff ff cc cc 
RX msg: obj=4 ID=0x2001 msg=0x00 04 00 99 
 total count = 478
TX msg: obj=2 ID=0x2001 msg=0x02 04 00 88 
RX msg: obj=4 ID=0x2001 msg=0x01 ff ff ff ff cc cc 
 total count = 479
TX msg: obj=2 ID=0x2001 msg=0x03 ee ee ee ee bb bb 
RX msg: obj=4 ID=0x2001 msg=0x02 04 00 88 
 total count = 480
RX msg: obj=4 ID=0x2001 msg=0x03 ee ee ee ee bb bb 
TX msg: obj=2 ID=0x2001 msg=0x00 04 00 99 
 total count = 481
TX msg: obj=2 ID=0x2001 msg=0x01 ff ff ff ff cc cc 
RX msg: obj=4 ID=0x2001 msg=0x00 04 00 99 
 total count = 482
RX msg: obj=4 ID=0x2001 msg=0x01 ff ff ff ff cc cc 
TX msg: obj=2 ID=0x2001 msg=0x00 04 00 99 
 total count = 483
TX msg: obj=2 ID=0x2001 msg=0x01 ff ff ff ff cc cc 
RX msg: obj=4 ID=0x2001 msg=0x00 04 00 99 
 total count = 484
TX msg: obj=2 ID=0x2001 msg=0x02 04 00 88 
RX msg: obj=4 ID=0x2001 msg=0x01 ff ff ff ff cc cc 
 total count = 485
TX msg: obj=2 ID=0x2001 msg=0x03 ee ee ee ee bb bb 
RX msg: obj=4 ID=0x2001 msg=0x02 04 00 88 
 total count = 486
RX msg: obj=4 ID=0x2001 msg=0x03 ee ee ee ee bb bb 
TX msg: obj=2 ID=0x2001 msg=0x00 04 00 99 
 total count = 487
TX msg: obj=2 ID=0x2001 msg=0x01 ff ff ff ff cc cc 
RX msg: obj=4 ID=0x2001 msg=0x00 04 00 99 
 total count = 488
RX msg: obj=4 ID=0x2001 msg=0x01 ff ff ff ff cc cc 
TX msg: obj=2 ID=0x2001 msg=0x00 04 00 99 
 total count = 489
TX msg: obj=2 ID=0x2001 msg=0x01 ff ff ff ff cc cc 
RX msg: obj=4 ID=0x2001 msg=0x00 04 00 99 
 total count = 490
TX msg: obj=2 ID=0x2001 msg=0x02 04 00 88 
RX msg: obj=4 ID=0x2001 msg=0x01 ff ff ff ff cc cc 
 total count = 491
TX msg: obj=2 ID=0x2001 msg=0x03 ee ee ee ee bb bb 
RX msg: obj=4 ID=0x2001 msg=0x02 04 00 88 
 total count = 492
RX msg: obj=4 ID=0x2001 msg=0x03 ee ee ee ee bb bb 
TX msg: obj=2 ID=0x2001 msg=0x00 04 00 99 
 total count = 493
TX msg: obj=2 ID=0x2001 msg=0x01 ff ff ff ff cc cc 
RX msg: obj=4 ID=0x2001 msg=0x00 04 00 99 
 total count = 494
RX msg: obj=4 ID=0x2001 msg=0x01 ff ff ff ff cc cc 
TX msg: obj=2 ID=0x2001 msg=0x00 04 00 99 
 total count = 495
TX msg: obj=2 ID=0x2001 msg=0x01 ff ff ff ff cc cc 
RX msg: obj=4 ID=0x2001 msg=0x00 04 00 99 
 total count = 496
TX msg: obj=2 ID=0x2001 msg=0x02 04 00 88 
RX msg: obj=4 ID=0x2001 msg=0x01 ff ff ff ff cc cc 
 total count = 497
TX msg: obj=2 ID=0x2001 msg=0x03 ee ee ee ee bb bb 
RX msg: obj=4 ID=0x2001 msg=0x02 04 00 88 
 total count = 498
RX msg: obj=4 ID=0x2001 msg=0x03 ee ee ee ee bb bb 
TX msg: obj=2 ID=0x2001 msg=0x00 04 00 99 
 total count = 499
TX msg: obj=2 ID=0x2001 msg=0x01 ff ff ff ff cc cc 
RX msg: obj=4 ID=0x2001 msg=0x00 04 00 99 
 total count = 500
RX msg: obj=4 ID=0x2001 msg=0x01 ff ff ff ff cc cc 
TX msg: obj=2 ID=0x2001 msg=0x00 04 00 99 
 total count = 501
TX msg: obj=2 ID=0x2001 msg=0x01 ff ff ff ff cc cc 
RX msg: obj=4 ID=0x2001 msg=0x00 04 00 99 
 total count = 502
TX msg: obj=2 ID=0x2001 msg=0x02 04 00 88 
RX msg: obj=4 ID=0x2001 msg=0x01 ff ff ff ff cc cc 
 total count = 503
TX msg: obj=2 ID=0x2001 msg=0x03 ee ee ee ee bb bb 
RX msg: obj=4 ID=0x2001 msg=0x02 04 00 88 
 total count = 504
TX msg: obj=2 ID=0x2001 msg=0x04 04 00 77 
RX msg: obj=4 ID=0x2001 msg=0x03 ee ee ee ee bb bb 
 total count = 505
TX msg: obj=2 ID=0x2001 msg=0x05 dd dd dd dd aa aa 
RX msg: obj=4 ID=0x2001 msg=0x04 04 00 77 
 total count = 506
RX msg: obj=4 ID=0x2001 msg=0x05 dd dd dd dd aa aa 
TX msg: obj=2 ID=0x2001 msg=0x00 04 00 99 
 total count = 507
TX msg: obj=2 ID=0x2001 msg=0x01 ff ff ff ff cc cc 
RX msg: obj=4 ID=0x2001 msg=0x00 04 00 99 
 total count = 508
RX msg: obj=4 ID=0x2001 msg=0x01 ff ff ff ff cc cc 
TX msg: obj=2 ID=0x2001 msg=0x00 04 00 99 
 total count = 509
TX msg: obj=2 ID=0x2001 msg=0x01 ff ff ff ff cc cc 
RX msg: obj=4 ID=0x2001 msg=0x00 04 00 99 
 total count = 510
TX msg: obj=2 ID=0x2001 msg=0x02 04 00 88 
RX msg: obj=4 ID=0x2001 msg=0x01 ff ff ff ff cc cc 
 total count = 511
TX msg: obj=2 ID=0x2001 msg=0x03 ee ee ee ee bb bb 
RX msg: obj=4 ID=0x2001 msg=0x02 04 00 88 
 